{
  "/Users/elena/Documents/Dev/if-js/main.js": {
    "path": "/Users/elena/Documents/Dev/if-js/main.js",
    "statementMap": {
      "0": {
        "start": { "line": 2, "column": 13 },
        "end": { "line": 2, "column": 63 }
      },
      "1": {
        "start": { "line": 3, "column": 20 },
        "end": { "line": 3, "column": 34 }
      },
      "2": {
        "start": { "line": 4, "column": 2 },
        "end": { "line": 6, "column": 3 }
      },
      "3": {
        "start": { "line": 4, "column": 15 },
        "end": { "line": 4, "column": 16 }
      },
      "4": {
        "start": { "line": 5, "column": 4 },
        "end": { "line": 5, "column": 67 }
      },
      "5": {
        "start": { "line": 5, "column": 33 },
        "end": { "line": 5, "column": 67 }
      },
      "6": {
        "start": { "line": 8, "column": 2 },
        "end": { "line": 8, "column": 64 }
      },
      "7": {
        "start": { "line": 11, "column": 13 },
        "end": { "line": 11, "column": 24 }
      },
      "8": {
        "start": { "line": 13, "column": 0 },
        "end": { "line": 13, "column": 31 }
      },
      "9": {
        "start": { "line": 15, "column": 13 },
        "end": { "line": 56, "column": 1 }
      },
      "10": {
        "start": { "line": 59, "column": 22 },
        "end": { "line": 59, "column": 24 }
      },
      "11": {
        "start": { "line": 60, "column": 21 },
        "end": { "line": 60, "column": 23 }
      },
      "12": {
        "start": { "line": 61, "column": 2 },
        "end": { "line": 70, "column": 3 }
      },
      "13": {
        "start": { "line": 61, "column": 15 },
        "end": { "line": 61, "column": 16 }
      },
      "14": {
        "start": { "line": 62, "column": 4 },
        "end": { "line": 69, "column": 5 }
      },
      "15": {
        "start": { "line": 63, "column": 21 },
        "end": { "line": 63, "column": 49 }
      },
      "16": {
        "start": { "line": 65, "column": 6 },
        "end": { "line": 68, "column": 7 }
      },
      "17": {
        "start": { "line": 66, "column": 8 },
        "end": { "line": 66, "column": 34 }
      },
      "18": {
        "start": { "line": 67, "column": 8 },
        "end": { "line": 67, "column": 14 }
      },
      "19": {
        "start": { "line": 71, "column": 2 },
        "end": { "line": 74, "column": 3 }
      },
      "20": {
        "start": { "line": 71, "column": 15 },
        "end": { "line": 71, "column": 16 }
      },
      "21": {
        "start": { "line": 72, "column": 19 },
        "end": { "line": 72, "column": 48 }
      },
      "22": {
        "start": { "line": 73, "column": 4 },
        "end": { "line": 73, "column": 59 }
      },
      "23": {
        "start": { "line": 75, "column": 2 },
        "end": { "line": 75, "column": 22 }
      },
      "24": {
        "start": { "line": 78, "column": 0 },
        "end": { "line": 78, "column": 31 }
      }
    },
    "fnMap": {
      "0": {
        "name": "convertDate",
        "decl": {
          "start": { "line": 1, "column": 9 },
          "end": { "line": 1, "column": 20 }
        },
        "loc": {
          "start": { "line": 1, "column": 27 },
          "end": { "line": 9, "column": 1 }
        },
        "line": 1
      },
      "1": {
        "name": "searchPlace",
        "decl": {
          "start": { "line": 58, "column": 9 },
          "end": { "line": 58, "column": 20 }
        },
        "loc": {
          "start": { "line": 58, "column": 29 },
          "end": { "line": 76, "column": 1 }
        },
        "line": 58
      }
    },
    "branchMap": {
      "0": {
        "loc": {
          "start": { "line": 5, "column": 4 },
          "end": { "line": 5, "column": 67 }
        },
        "type": "if",
        "locations": [
          {
            "start": { "line": 5, "column": 4 },
            "end": { "line": 5, "column": 67 }
          },
          { "start": {}, "end": {} }
        ],
        "line": 5
      },
      "1": {
        "loc": {
          "start": { "line": 65, "column": 6 },
          "end": { "line": 68, "column": 7 }
        },
        "type": "if",
        "locations": [
          {
            "start": { "line": 65, "column": 6 },
            "end": { "line": 68, "column": 7 }
          },
          { "start": {}, "end": {} }
        ],
        "line": 65
      }
    },
    "s": {
      "0": 1,
      "1": 1,
      "2": 1,
      "3": 1,
      "4": 2,
      "5": 1,
      "6": 1,
      "7": 1,
      "8": 1,
      "9": 1,
      "10": 1,
      "11": 1,
      "12": 1,
      "13": 1,
      "14": 8,
      "15": 16,
      "16": 16,
      "17": 6,
      "18": 6,
      "19": 1,
      "20": 1,
      "21": 6,
      "22": 6,
      "23": 1,
      "24": 1
    },
    "f": { "0": 1, "1": 1 },
    "b": { "0": [1, 1], "1": [6, 10] },
    "_coverageSchema": "1a1c01bbd47fc00a2c39e90264f33305004495a9",
    "hash": "ebde0eccc97f1409da684a3cb0757a84942e3f00"
  }
}
